Looking for git in: git
Using git 2.19.1 from git
> git rev-parse --show-toplevel
> git config --get commit.template
Open repository: /home/vegarab/dev/rospy/rospy_pkg_template
> git status -z -u
> git symbolic-ref --short HEAD
> git rev-parse feat/pkg_template
> git rev-parse --symbolic-full-name feat/pkg_template@{u}
fatal: no upstream configured for branch 'feat/pkg_template'
> git for-each-ref --format %(refname) %(objectname) --sort -committerdate
> git remote --verbose
> git show :setup.py
> git check-ignore -z --stdin
> git show :setup.py
> git rev-parse --show-toplevel
> git config --get commit.template
Open repository: /home/vegarab/dotfiles
> git status -z -u
> git symbolic-ref --short HEAD
> git rev-parse master
> git rev-parse --symbolic-full-name master@{u}
> git rev-list --left-right master...refs/remotes/origin/master
> git for-each-ref --format %(refname) %(objectname) --sort -committerdate
> git remote --verbose
> git check-ignore -z --stdin
> git rev-parse --show-toplevel
> git show :setup.py
> git show :setup.py
