[2018-10-10 20:39:10.386] [exthost1] [info] extension host started
[2018-10-10 20:39:10.412] [exthost1] [info] ExtensionService#_doActivateExtension vscode.debug-auto-launch {"startup":true,"activationEvent":"*"}
[2018-10-10 20:39:10.412] [exthost1] [info] ExtensionService#loadCommonJSModule /usr/lib/code/extensions/debug-auto-launch/out/extension
[2018-10-10 20:39:10.419] [exthost1] [info] ExtensionService#_doActivateExtension vscode.emmet {"startup":true,"activationEvent":"*"}
[2018-10-10 20:39:10.419] [exthost1] [info] ExtensionService#loadCommonJSModule /usr/lib/code/extensions/emmet/dist/extension
[2018-10-10 20:39:10.454] [exthost1] [info] ExtensionService#_doActivateExtension vscode.git {"startup":true,"activationEvent":"*"}
[2018-10-10 20:39:10.454] [exthost1] [info] ExtensionService#loadCommonJSModule /usr/lib/code/extensions/git/dist/main
[2018-10-10 20:39:10.592] [exthost1] [info] ExtensionService#_doActivateExtension vscode.merge-conflict {"startup":true,"activationEvent":"*"}
[2018-10-10 20:39:10.592] [exthost1] [info] ExtensionService#loadCommonJSModule /usr/lib/code/extensions/merge-conflict/out/extension
[2018-10-10 20:39:10.602] [exthost1] [info] ExtensionService#_doActivateExtension vscode.search-rg {"startup":true,"activationEvent":"*"}
[2018-10-10 20:39:10.602] [exthost1] [info] ExtensionService#loadCommonJSModule /usr/lib/code/extensions/search-rg/out/extension
[2018-10-10 20:39:10.607] [exthost1] [info] eager extensions activated
[2018-10-10 20:41:34.820] [exthost1] [info] extension host started
[2018-10-10 20:41:34.845] [exthost1] [info] ExtensionService#_doActivateExtension vscode.debug-auto-launch {"startup":true,"activationEvent":"*"}
[2018-10-10 20:41:34.845] [exthost1] [info] ExtensionService#loadCommonJSModule /usr/lib/code/extensions/debug-auto-launch/out/extension
[2018-10-10 20:41:34.868] [exthost1] [info] ExtensionService#_doActivateExtension vscode.emmet {"startup":true,"activationEvent":"*"}
[2018-10-10 20:41:34.868] [exthost1] [info] ExtensionService#loadCommonJSModule /usr/lib/code/extensions/emmet/dist/extension
[2018-10-10 20:41:34.910] [exthost1] [info] ExtensionService#_doActivateExtension vscode.git {"startup":true,"activationEvent":"*"}
[2018-10-10 20:41:34.910] [exthost1] [info] ExtensionService#loadCommonJSModule /usr/lib/code/extensions/git/dist/main
[2018-10-10 20:41:35.056] [exthost1] [info] ExtensionService#_doActivateExtension vscode.merge-conflict {"startup":true,"activationEvent":"*"}
[2018-10-10 20:41:35.057] [exthost1] [info] ExtensionService#loadCommonJSModule /usr/lib/code/extensions/merge-conflict/out/extension
[2018-10-10 20:41:35.065] [exthost1] [info] ExtensionService#_doActivateExtension vscode.search-rg {"startup":true,"activationEvent":"*"}
[2018-10-10 20:41:35.065] [exthost1] [info] ExtensionService#loadCommonJSModule /usr/lib/code/extensions/search-rg/out/extension
[2018-10-10 20:41:35.070] [exthost1] [info] ExtensionService#_doActivateExtension ms-vscode.cpptools {"startup":true,"activationEvent":"*"}
[2018-10-10 20:41:35.070] [exthost1] [info] ExtensionService#loadCommonJSModule /home/vegarab/.vscode-oss/extensions/ms-vscode.cpptools-0.19.0/out/src/main
[2018-10-10 20:41:35.202] [exthost1] [info] ExtensionService#_doActivateExtension vscodevim.vim {"startup":true,"activationEvent":"*"}
[2018-10-10 20:41:35.202] [exthost1] [info] ExtensionService#loadCommonJSModule /home/vegarab/.vscode-oss/extensions/vscodevim.vim-0.16.9/out/extension
[2018-10-10 20:41:35.544] [exthost1] [info] eager extensions activated
[2018-10-10 20:41:48.235] [exthost1] [info] ExtensionService#_doActivateExtension ajshort.ros {"startup":true,"activationEvent":"*"}
[2018-10-10 20:41:48.235] [exthost1] [info] ExtensionService#loadCommonJSModule /home/vegarab/.vscode-oss/extensions/ajshort.ros-0.3.0/out/src/extension
[2018-10-10 20:41:48.528] [exthost1] [info] ExtensionService#_doActivateExtension vscode.html-language-features {"startup":false,"activationEvent":"onLanguage:html"}
[2018-10-10 20:41:48.529] [exthost1] [info] ExtensionService#loadCommonJSModule /usr/lib/code/extensions/html-language-features/client/dist/htmlMain
[2018-10-10 20:43:10.869] [exthost1] [info] ExtensionService#_doActivateExtension vscode.configuration-editing {"startup":false,"activationEvent":"onLanguage:jsonc"}
[2018-10-10 20:43:10.869] [exthost1] [info] ExtensionService#loadCommonJSModule /usr/lib/code/extensions/configuration-editing/out/extension
[2018-10-10 20:43:10.878] [exthost1] [info] ExtensionService#_doActivateExtension vscode.json-language-features {"startup":false,"activationEvent":"onLanguage:jsonc"}
[2018-10-10 20:43:10.878] [exthost1] [info] ExtensionService#loadCommonJSModule /usr/lib/code/extensions/json-language-features/client/dist/jsonMain
[2018-10-10 20:43:10.963] [exthost1] [info] ExtensionService#_doActivateExtension vscode.typescript-language-features {"startup":false,"activationEvent":"onLanguage:jsonc"}
[2018-10-10 20:43:10.963] [exthost1] [info] ExtensionService#loadCommonJSModule /usr/lib/code/extensions/typescript-language-features/dist/extension
