[2018-10-10 20:39:11.543] [sharedprocess] [info] main {"machineId":"ec48c440cfdf77260405aa049e5e24be85517b53987667b8f9074c5e83d0c015"}
[2018-10-10 20:39:11.572] [sharedprocess] [info] Scanned user extensions: 0
[2018-10-10 20:39:11.604] [sharedprocess] [info] Scanned user extensions: 0
[2018-10-10 20:39:11.613] [sharedprocess] [info] Scanned user extensions: 0
[2018-10-10 20:39:11.615] [sharedprocess] [info] Scanned user extensions: 0
[2018-10-10 20:39:11.676] [sharedprocess] [info] Scanned system extensions: 71
[2018-10-10 20:39:11.684] [sharedprocess] [info] Scanned system extensions: 71
[2018-10-10 20:39:11.685] [sharedprocess] [info] Scanned system extensions: 71
[2018-10-10 20:39:12.733] [sharedprocess] [info] Scanned user extensions: 0
[2018-10-10 20:39:24.672] [sharedprocess] [info] Scanned user extensions: 0
[2018-10-10 20:39:24.771] [sharedprocess] [info] Scanned user extensions: 0
[2018-10-10 20:39:24.818] [sharedprocess] [info] Scanned system extensions: 71
[2018-10-10 20:39:51.546] [sharedprocess] [info] Starting to clean up unused language packs.
[2018-10-10 20:40:36.232] [sharedprocess] [info] Installing extension: cpptools
[2018-10-10 20:40:36.233] [sharedprocess] [info] Scanned user extensions: 0
[2018-10-10 20:40:37.111] [sharedprocess] [info] Downloaded extension: cpptools /tmp/51fc36d2-b1f1-4671-9bcc-078b6fba3dea
[2018-10-10 20:40:38.724] [sharedprocess] [info] Extracted extension to /home/vegarab/.vscode-oss/extensions/.ms-vscode.cpptools-0.19.0: ms-vscode.cpptools-0.19.0
[2018-10-10 20:40:38.725] [sharedprocess] [info] Renamed to /home/vegarab/.vscode-oss/extensions/ms-vscode.cpptools-0.19.0
[2018-10-10 20:40:38.725] [sharedprocess] [info] Installation completed. ms-vscode.cpptools-0.19.0
[2018-10-10 20:40:38.752] [sharedprocess] [info] Extensions installed successfully: ms-vscode.cpptools
[2018-10-10 20:40:38.872] [sharedprocess] [info] Scanned user extensions: 1
[2018-10-10 20:40:38.895] [sharedprocess] [info] Scanned system extensions: 71
[2018-10-10 20:40:43.587] [sharedprocess] [info] Installing extension: vim
[2018-10-10 20:40:43.591] [sharedprocess] [info] Scanned user extensions: 1
[2018-10-10 20:40:44.610] [sharedprocess] [info] Downloaded extension: vim /tmp/8f9f0500-25d4-43b4-b840-9228f969654a
[2018-10-10 20:40:47.133] [sharedprocess] [info] Scanned user extensions: 1
[2018-10-10 20:40:47.170] [sharedprocess] [info] Scanned system extensions: 71
[2018-10-10 20:40:48.425] [sharedprocess] [info] Extracted extension to /home/vegarab/.vscode-oss/extensions/.vscodevim.vim-0.16.9: vscodevim.vim-0.16.9
[2018-10-10 20:40:48.425] [sharedprocess] [info] Renamed to /home/vegarab/.vscode-oss/extensions/vscodevim.vim-0.16.9
[2018-10-10 20:40:48.425] [sharedprocess] [info] Installation completed. vscodevim.vim-0.16.9
[2018-10-10 20:40:48.444] [sharedprocess] [info] Extensions installed successfully: vscodevim.vim
[2018-10-10 20:40:48.575] [sharedprocess] [info] Scanned user extensions: 2
[2018-10-10 20:40:48.579] [sharedprocess] [info] Scanned user extensions: 2
[2018-10-10 20:40:48.662] [sharedprocess] [info] Scanned system extensions: 71
[2018-10-10 20:40:48.665] [sharedprocess] [info] Scanned system extensions: 71
[2018-10-10 20:40:50.716] [sharedprocess] [info] Installing extension: ros
[2018-10-10 20:40:50.722] [sharedprocess] [info] Scanned user extensions: 2
[2018-10-10 20:40:51.471] [sharedprocess] [info] Downloaded extension: ros /tmp/a0011e0c-ea08-4654-927d-92fd376f1308
[2018-10-10 20:40:51.649] [sharedprocess] [info] Extracted extension to /home/vegarab/.vscode-oss/extensions/.ajshort.ros-0.3.0: ajshort.ros-0.3.0
[2018-10-10 20:40:51.649] [sharedprocess] [info] Renamed to /home/vegarab/.vscode-oss/extensions/ajshort.ros-0.3.0
[2018-10-10 20:40:51.649] [sharedprocess] [info] Installation completed. ajshort.ros-0.3.0
[2018-10-10 20:40:51.667] [sharedprocess] [info] Scanned user extensions: 3
[2018-10-10 20:40:51.716] [sharedprocess] [info] Scanned system extensions: 71
[2018-10-10 20:40:51.911] [sharedprocess] [info] Installing extension: msg
[2018-10-10 20:40:51.919] [sharedprocess] [info] Scanned user extensions: 3
[2018-10-10 20:40:52.154] [sharedprocess] [info] Downloaded extension: msg /tmp/d4efe89e-3854-4429-a1a8-8efd0d8d42f0
[2018-10-10 20:40:52.166] [sharedprocess] [info] Extracted extension to /home/vegarab/.vscode-oss/extensions/.ajshort.msg-0.1.1: ajshort.msg-0.1.1
[2018-10-10 20:40:52.166] [sharedprocess] [info] Renamed to /home/vegarab/.vscode-oss/extensions/ajshort.msg-0.1.1
[2018-10-10 20:40:52.166] [sharedprocess] [info] Installation completed. ajshort.msg-0.1.1
[2018-10-10 20:40:52.176] [sharedprocess] [info] Extensions installed successfully: ajshort.msg
[2018-10-10 20:40:52.176] [sharedprocess] [info] Extensions installed successfully: ajshort.ros
[2018-10-10 20:40:52.309] [sharedprocess] [info] Scanned user extensions: 4
[2018-10-10 20:40:52.313] [sharedprocess] [info] Scanned user extensions: 4
[2018-10-10 20:40:52.339] [sharedprocess] [info] Scanned system extensions: 71
[2018-10-10 20:40:52.341] [sharedprocess] [info] Scanned system extensions: 71
[2018-10-10 20:40:54.023] [sharedprocess] [info] Scanned user extensions: 4
[2018-10-10 20:40:54.048] [sharedprocess] [info] Scanned system extensions: 71
[2018-10-10 20:40:58.581] [sharedprocess] [info] Scanned user extensions: 4
[2018-10-10 20:40:58.608] [sharedprocess] [info] Scanned system extensions: 71
[2018-10-10 20:41:01.122] [sharedprocess] [info] Scanned user extensions: 4
[2018-10-10 20:41:01.157] [sharedprocess] [info] Scanned system extensions: 71
[2018-10-10 20:41:34.454] [sharedprocess] [info] Scanned user extensions: 4
[2018-10-10 20:41:34.466] [sharedprocess] [info] Scanned user extensions: 4
[2018-10-10 20:41:34.470] [sharedprocess] [info] Scanned user extensions: 4
[2018-10-10 20:41:34.611] [sharedprocess] [info] Scanned system extensions: 71
[2018-10-10 20:41:34.627] [sharedprocess] [info] Scanned system extensions: 71
[2018-10-10 20:41:36.959] [sharedprocess] [info] Scanned user extensions: 4
