Looking for git in: git
Using git 2.19.1 from git
> git rev-parse --show-toplevel
> git config --get commit.template
Open repository: /home/vegarab/visuell
> git status -z -u
> git symbolic-ref --short HEAD
> git rev-parse assignment_3
> git rev-parse --symbolic-full-name assignment_3@{u}
> git rev-list --left-right assignment_3...refs/remotes/origin/assignment_3
> git for-each-ref --format %(refname) %(objectname) --sort -committerdate
> git remote --verbose
> git check-ignore -z --stdin
> git rev-parse --show-toplevel
> git rev-parse --show-toplevel
> git rev-parse --show-toplevel
> git rev-parse --show-toplevel
> git check-ignore -z --stdin
> git show :gloom/gloom/src/program.cpp
> git status -z -u
> git symbolic-ref --short HEAD
> git rev-parse assignment_3
> git rev-parse --symbolic-full-name assignment_3@{u}
> git rev-list --left-right assignment_3...refs/remotes/origin/assignment_3
> git for-each-ref --format %(refname) %(objectname) --sort -committerdate
> git remote --verbose
> git rev-parse --show-toplevel
> git rev-parse --show-toplevel
> git rev-parse --show-toplevel
> git rev-parse --show-toplevel
> git status -z -u
> git symbolic-ref --short HEAD
> git rev-parse assignment_3
> git rev-parse --symbolic-full-name assignment_3@{u}
> git rev-list --left-right assignment_3...refs/remotes/origin/assignment_3
> git for-each-ref --format %(refname) %(objectname) --sort -committerdate
> git remote --verbose
> git rev-parse --show-toplevel
> git rev-parse --show-toplevel
> git rev-parse --show-toplevel
> git rev-parse --show-toplevel
> git check-ignore -z --stdin
> git show :gloom/build/.gitkeep
> git show :gloom/build/coordinates_0.txt
> git show :gloom/gloom/src/program.cpp
