[2018-10-10 21:08:41.618] [exthost1] [info] extension host started
[2018-10-10 21:08:41.641] [exthost1] [info] ExtensionService#_doActivateExtension vscode.debug-auto-launch {"startup":true,"activationEvent":"*"}
[2018-10-10 21:08:41.641] [exthost1] [info] ExtensionService#loadCommonJSModule /usr/lib/code/extensions/debug-auto-launch/out/extension
[2018-10-10 21:08:41.654] [exthost1] [info] ExtensionService#_doActivateExtension vscode.emmet {"startup":true,"activationEvent":"*"}
[2018-10-10 21:08:41.654] [exthost1] [info] ExtensionService#loadCommonJSModule /usr/lib/code/extensions/emmet/dist/extension
[2018-10-10 21:08:41.743] [exthost1] [info] ExtensionService#_doActivateExtension vscode.git {"startup":true,"activationEvent":"*"}
[2018-10-10 21:08:41.743] [exthost1] [info] ExtensionService#loadCommonJSModule /usr/lib/code/extensions/git/dist/main
[2018-10-10 21:08:41.931] [exthost1] [info] ExtensionService#_doActivateExtension vscode.merge-conflict {"startup":true,"activationEvent":"*"}
[2018-10-10 21:08:41.931] [exthost1] [info] ExtensionService#loadCommonJSModule /usr/lib/code/extensions/merge-conflict/out/extension
[2018-10-10 21:08:41.950] [exthost1] [info] ExtensionService#_doActivateExtension vscode.search-rg {"startup":true,"activationEvent":"*"}
[2018-10-10 21:08:41.950] [exthost1] [info] ExtensionService#loadCommonJSModule /usr/lib/code/extensions/search-rg/out/extension
[2018-10-10 21:08:41.956] [exthost1] [info] ExtensionService#_doActivateExtension vscodevim.vim {"startup":true,"activationEvent":"*"}
[2018-10-10 21:08:41.957] [exthost1] [info] ExtensionService#loadCommonJSModule /home/vegarab/.vscode-oss/extensions/vscodevim.vim-0.16.9/out/extension
[2018-10-10 21:08:42.345] [exthost1] [info] eager extensions activated
[2018-10-10 21:08:42.460] [exthost1] [info] ExtensionService#_doActivateExtension ajshort.ros {"startup":true,"activationEvent":"*"}
[2018-10-10 21:08:42.460] [exthost1] [info] ExtensionService#loadCommonJSModule /home/vegarab/.vscode-oss/extensions/ajshort.ros-0.3.0/out/src/extension
[2018-10-10 21:08:56.365] [exthost1] [info] extension host started
[2018-10-10 21:08:56.388] [exthost1] [info] ExtensionService#_doActivateExtension vscode.debug-auto-launch {"startup":true,"activationEvent":"*"}
[2018-10-10 21:08:56.388] [exthost1] [info] ExtensionService#loadCommonJSModule /usr/lib/code/extensions/debug-auto-launch/out/extension
[2018-10-10 21:08:56.394] [exthost1] [info] ExtensionService#_doActivateExtension vscode.emmet {"startup":true,"activationEvent":"*"}
[2018-10-10 21:08:56.394] [exthost1] [info] ExtensionService#loadCommonJSModule /usr/lib/code/extensions/emmet/dist/extension
[2018-10-10 21:08:56.439] [exthost1] [info] ExtensionService#_doActivateExtension vscode.git {"startup":true,"activationEvent":"*"}
[2018-10-10 21:08:56.439] [exthost1] [info] ExtensionService#loadCommonJSModule /usr/lib/code/extensions/git/dist/main
[2018-10-10 21:08:56.595] [exthost1] [info] ExtensionService#_doActivateExtension vscode.merge-conflict {"startup":true,"activationEvent":"*"}
[2018-10-10 21:08:56.595] [exthost1] [info] ExtensionService#loadCommonJSModule /usr/lib/code/extensions/merge-conflict/out/extension
[2018-10-10 21:08:56.604] [exthost1] [info] ExtensionService#_doActivateExtension vscode.search-rg {"startup":true,"activationEvent":"*"}
[2018-10-10 21:08:56.604] [exthost1] [info] ExtensionService#loadCommonJSModule /usr/lib/code/extensions/search-rg/out/extension
[2018-10-10 21:08:56.610] [exthost1] [info] ExtensionService#_doActivateExtension vscodevim.vim {"startup":true,"activationEvent":"*"}
[2018-10-10 21:08:56.610] [exthost1] [info] ExtensionService#loadCommonJSModule /home/vegarab/.vscode-oss/extensions/vscodevim.vim-0.16.9/out/extension
[2018-10-10 21:08:56.939] [exthost1] [info] eager extensions activated
[2018-10-10 21:08:57.005] [exthost1] [info] ExtensionService#_doActivateExtension ajshort.ros {"startup":true,"activationEvent":"*"}
[2018-10-10 21:08:57.005] [exthost1] [info] ExtensionService#loadCommonJSModule /home/vegarab/.vscode-oss/extensions/ajshort.ros-0.3.0/out/src/extension
[2018-10-10 21:09:00.986] [exthost1] [info] ExtensionService#_doActivateExtension ms-vscode.cpptools {"startup":false,"activationEvent":"onLanguage:cpp"}
[2018-10-10 21:09:00.986] [exthost1] [info] ExtensionService#loadCommonJSModule /home/vegarab/.vscode-oss/extensions/ms-vscode.cpptools-0.19.0/out/src/main
