[2018-10-10 20:56:15.350] [exthost1] [info] extension host started
[2018-10-10 20:56:15.380] [exthost1] [info] ExtensionService#_doActivateExtension vscode.debug-auto-launch {"startup":true,"activationEvent":"*"}
[2018-10-10 20:56:15.380] [exthost1] [info] ExtensionService#loadCommonJSModule /usr/lib/code/extensions/debug-auto-launch/out/extension
[2018-10-10 20:56:15.392] [exthost1] [info] ExtensionService#_doActivateExtension vscode.emmet {"startup":true,"activationEvent":"*"}
[2018-10-10 20:56:15.392] [exthost1] [info] ExtensionService#loadCommonJSModule /usr/lib/code/extensions/emmet/dist/extension
[2018-10-10 20:56:15.442] [exthost1] [info] ExtensionService#_doActivateExtension vscode.git {"startup":true,"activationEvent":"*"}
[2018-10-10 20:56:15.443] [exthost1] [info] ExtensionService#loadCommonJSModule /usr/lib/code/extensions/git/dist/main
[2018-10-10 20:56:15.625] [exthost1] [info] ExtensionService#_doActivateExtension vscode.merge-conflict {"startup":true,"activationEvent":"*"}
[2018-10-10 20:56:15.625] [exthost1] [info] ExtensionService#loadCommonJSModule /usr/lib/code/extensions/merge-conflict/out/extension
[2018-10-10 20:56:15.636] [exthost1] [info] ExtensionService#_doActivateExtension vscode.search-rg {"startup":true,"activationEvent":"*"}
[2018-10-10 20:56:15.636] [exthost1] [info] ExtensionService#loadCommonJSModule /usr/lib/code/extensions/search-rg/out/extension
[2018-10-10 20:56:15.644] [exthost1] [info] ExtensionService#_doActivateExtension vscodevim.vim {"startup":true,"activationEvent":"*"}
[2018-10-10 20:56:15.644] [exthost1] [info] ExtensionService#loadCommonJSModule /home/vegarab/.vscode-oss/extensions/vscodevim.vim-0.16.9/out/extension
[2018-10-10 20:56:16.126] [exthost1] [info] eager extensions activated
[2018-10-10 20:56:16.132] [exthost1] [info] ExtensionService#_doActivateExtension vscode.python {"startup":false,"activationEvent":"onLanguage:python"}
[2018-10-10 20:56:16.132] [exthost1] [info] ExtensionService#loadCommonJSModule /usr/lib/code/extensions/python/out/pythonMain
[2018-10-10 20:56:16.234] [exthost1] [info] ExtensionService#_doActivateExtension ajshort.ros {"startup":true,"activationEvent":"*"}
[2018-10-10 20:56:16.234] [exthost1] [info] ExtensionService#loadCommonJSModule /home/vegarab/.vscode-oss/extensions/ajshort.ros-0.3.0/out/src/extension
[2018-10-10 20:56:28.788] [exthost1] [info] ExtensionService#_doActivateExtension vscode.configuration-editing {"startup":false,"activationEvent":"onLanguage:jsonc"}
[2018-10-10 20:56:28.788] [exthost1] [info] ExtensionService#loadCommonJSModule /usr/lib/code/extensions/configuration-editing/out/extension
[2018-10-10 20:56:28.820] [exthost1] [info] ExtensionService#_doActivateExtension vscode.json-language-features {"startup":false,"activationEvent":"onLanguage:jsonc"}
[2018-10-10 20:56:28.820] [exthost1] [info] ExtensionService#loadCommonJSModule /usr/lib/code/extensions/json-language-features/client/dist/jsonMain
[2018-10-10 20:56:28.953] [exthost1] [info] ExtensionService#_doActivateExtension vscode.typescript-language-features {"startup":false,"activationEvent":"onLanguage:jsonc"}
[2018-10-10 20:56:28.953] [exthost1] [info] ExtensionService#loadCommonJSModule /usr/lib/code/extensions/typescript-language-features/dist/extension
[2018-10-10 20:59:44.817] [exthost1] [info] ExtensionService#_doActivateExtension vscode.extension-editing {"startup":false,"activationEvent":"onLanguage:markdown"}
[2018-10-10 20:59:44.817] [exthost1] [info] ExtensionService#loadCommonJSModule /usr/lib/code/extensions/extension-editing/out/extension
[2018-10-10 20:59:44.841] [exthost1] [info] ExtensionService#_doActivateExtension vscode.markdown-language-features {"startup":false,"activationEvent":"onLanguage:markdown"}
[2018-10-10 20:59:44.841] [exthost1] [info] ExtensionService#loadCommonJSModule /usr/lib/code/extensions/markdown-language-features/out/extension
